<?xml version="1.0" encoding="UTF-8" ?>
<testsuite tests="1" failures="0" name="org.examples.java.AppTest" time="0.003" errors="0" skipped="0">
  <properties>
    <property name="java.runtime.name" value="Java(TM) SE Runtime Environment"/>
    <property name="sun.boot.library.path" value="D:\DevelopTools\JDK\jdk1.8.0_171\jre\bin"/>
    <property name="java.vm.version" value="25.171-b11"/>
    <property name="java.vm.vendor" value="Oracle Corporation"/>
    <property name="maven.multiModuleProjectDirectory" value="D:\local\github\hellodocker\helloworld"/>
    <property name="java.vendor.url" value="http://java.oracle.com/"/>
    <property name="path.separator" value=";"/>
    <property name="guice.disable.misplaced.annotation.check" value="true"/>
    <property name="java.vm.name" value="Java HotSpot(TM) 64-Bit Server VM"/>
    <property name="file.encoding.pkg" value="sun.io"/>
    <property name="user.script" value=""/>
    <property name="user.country" value="CN"/>
    <property name="sun.java.launcher" value="SUN_STANDARD"/>
    <property name="sun.os.patch.level" value=""/>
    <property name="java.vm.specification.name" value="Java Virtual Machine Specification"/>
    <property name="user.dir" value="D:\local\github\hellodocker\helloworld"/>
    <property name="java.runtime.version" value="1.8.0_171-b11"/>
    <property name="java.awt.graphicsenv" value="sun.awt.Win32GraphicsEnvironment"/>
    <property name="java.endorsed.dirs" value="D:\DevelopTools\JDK\jdk1.8.0_171\jre\lib\endorsed"/>
    <property name="os.arch" value="amd64"/>
    <property name="java.io.tmpdir" value="C:\Users\dev\AppData\Local\Temp\"/>
    <property name="line.separator" value="
"/>
    <property name="java.vm.specification.vendor" value="Oracle Corporation"/>
    <property name="user.variant" value=""/>
    <property name="os.name" value="Windows 10"/>
    <property name="classworlds.conf" value="D:\DevelopTools\maven\apache-maven-3.5.3\bin\..\bin\m2.conf"/>
    <property name="sun.jnu.encoding" value="GBK"/>
    <property name="java.library.path" value="D:\DevelopTools\JDK\jdk1.8.0_171\bin;C:\WINDOWS\Sun\Java\bin;C:\WINDOWS\system32;C:\WINDOWS;C:\Program Files\Docker\Docker\Resources\bin;C:\Program Files (x86)\Common Files\Oracle\Java\javapath;D:\Program Files\VanDyke Software\Clients\;C:\ProgramData\Oracle\Java\javapath;C:\WINDOWS\system32;C:\WINDOWS;C:\WINDOWS\System32\Wbem;C:\WINDOWS\System32\WindowsPowerShell\v1.0\;D:\DevelopTools\JDK\jdk1.8.0_171\bin;D:\DevelopTools\JDK\jdk1.8.0_171\jre\bin;D:\Program Files\Git\cmd;D:\Program Files\TortoiseSVN\bin;D:\DevelopTools\maven\apache-maven-3.5.3\bin;D:\DevelopTools\mongo\mongodb-3.6.4\bin;D:\DevelopTools\PuTTY\;D:\DevelopTools\SlikSvn\bin;D:\DevelopTools\Python27;D:\DevelopTools\Python27\Scripts;C:\WINDOWS\System32\OpenSSH\;C:\Program Files\TortoiseGit\bin;D:\DevelopTools\gradle\gradle-4.7\bin;C:\Users\dev\AppData\Local\Microsoft\WindowsApps;D:\DevelopTools\Fiddler;C:\Users\dev\AppData\Local\GitHubDesktop\bin;C:\Users\dev\AppData\Local\atom\bin;C:\Users\dev\AppData\Local\Microsoft\WindowsApps;;D:\DevelopTools\Microsoft VS Code\bin;."/>
    <property name="maven.conf" value="D:\DevelopTools\maven\apache-maven-3.5.3\bin\../conf"/>
    <property name="java.specification.name" value="Java Platform API Specification"/>
    <property name="java.class.version" value="52.0"/>
    <property name="sun.management.compiler" value="HotSpot 64-Bit Tiered Compilers"/>
    <property name="os.version" value="10.0"/>
    <property name="library.jansi.path" value="D:\DevelopTools\maven\apache-maven-3.5.3\bin\..\lib\jansi-native"/>
    <property name="user.home" value="C:\Users\dev"/>
    <property name="user.timezone" value="Asia/Shanghai"/>
    <property name="java.awt.printerjob" value="sun.awt.windows.WPrinterJob"/>
    <property name="java.specification.version" value="1.8"/>
    <property name="file.encoding" value="GBK"/>
    <property name="user.name" value="panhuaxiong"/>
    <property name="java.class.path" value="D:\DevelopTools\maven\apache-maven-3.5.3\bin\..\boot\plexus-classworlds-2.5.2.jar"/>
    <property name="java.vm.specification.version" value="1.8"/>
    <property name="sun.arch.data.model" value="64"/>
    <property name="java.home" value="D:\DevelopTools\JDK\jdk1.8.0_171\jre"/>
    <property name="sun.java.command" value="org.codehaus.plexus.classworlds.launcher.Launcher package"/>
    <property name="java.specification.vendor" value="Oracle Corporation"/>
    <property name="user.language" value="zh"/>
    <property name="awt.toolkit" value="sun.awt.windows.WToolkit"/>
    <property name="java.vm.info" value="mixed mode"/>
    <property name="java.version" value="1.8.0_171"/>
    <property name="java.ext.dirs" value="D:\DevelopTools\JDK\jdk1.8.0_171\jre\lib\ext;C:\WINDOWS\Sun\Java\lib\ext"/>
    <property name="sun.boot.class.path" value="D:\DevelopTools\JDK\jdk1.8.0_171\jre\lib\resources.jar;D:\DevelopTools\JDK\jdk1.8.0_171\jre\lib\rt.jar;D:\DevelopTools\JDK\jdk1.8.0_171\jre\lib\sunrsasign.jar;D:\DevelopTools\JDK\jdk1.8.0_171\jre\lib\jsse.jar;D:\DevelopTools\JDK\jdk1.8.0_171\jre\lib\jce.jar;D:\DevelopTools\JDK\jdk1.8.0_171\jre\lib\charsets.jar;D:\DevelopTools\JDK\jdk1.8.0_171\jre\lib\jfr.jar;D:\DevelopTools\JDK\jdk1.8.0_171\jre\classes"/>
    <property name="sun.stderr.encoding" value="ms936"/>
    <property name="java.vendor" value="Oracle Corporation"/>
    <property name="maven.home" value="D:\DevelopTools\maven\apache-maven-3.5.3\bin\.."/>
    <property name="file.separator" value="\"/>
    <property name="java.vendor.url.bug" value="http://bugreport.sun.com/bugreport/"/>
    <property name="sun.cpu.endian" value="little"/>
    <property name="sun.io.unicode.encoding" value="UnicodeLittle"/>
    <property name="sun.stdout.encoding" value="ms936"/>
    <property name="sun.desktop" value="windows"/>
    <property name="sun.cpu.isalist" value="amd64"/>
  </properties>
  <testcase classname="org.examples.java.AppTest" name="testApp" time="0.003"/>
</testsuite>